<?xml version="1.0" encoding="UTF-8"?>
<testsuite xmlns:xsi="http://www.w3.org/2001/XMLSchema-instance" xsi:noNamespaceSchemaLocation="https://maven.apache.org/surefire/maven-surefire-plugin/xsd/surefire-test-report.xsd" name="se_8_2021.LetterGradeTest" time="0.035" tests="3" errors="0" skipped="0" failures="0">
  <properties>
    <property name="java.specification.version" value="15"/>
    <property name="sun.jnu.encoding" value="UTF-8"/>
    <property name="java.class.path" value="/Users/JohnnyLee/Documents/Class/大四/軟工/SE-8-2021_HW4/target/test-classes:/Users/JohnnyLee/Documents/Class/大四/軟工/SE-8-2021_HW4/target/classes:/Users/JohnnyLee/.m2/repository/junit/junit/4.11/junit-4.11.jar:/Users/JohnnyLee/.m2/repository/org/hamcrest/hamcrest-core/1.3/hamcrest-core-1.3.jar:"/>
    <property name="java.vm.vendor" value="AdoptOpenJDK"/>
    <property name="sun.arch.data.model" value="64"/>
    <property name="java.vendor.url" value="https://adoptopenjdk.net/"/>
    <property name="os.name" value="Mac OS X"/>
    <property name="java.vm.specification.version" value="15"/>
    <property name="sun.java.launcher" value="SUN_STANDARD"/>
    <property name="user.country" value="TW"/>
    <property name="sun.boot.library.path" value="/Library/Java/JavaVirtualMachines/adoptopenjdk-15.jdk/Contents/Home/lib"/>
    <property name="sun.java.command" value="/Users/JohnnyLee/Documents/Class/大四/軟工/SE-8-2021_HW4/target/surefire/surefirebooter3605045546576215950.jar /Users/JohnnyLee/Documents/Class/大四/軟工/SE-8-2021_HW4/target/surefire 2022-01-04T21-47-41_478-jvmRun1 surefire12856640995718973013tmp surefire_05421472610241190649tmp"/>
    <property name="http.nonProxyHosts" value="local|*.local|169.254/16|*.169.254/16"/>
    <property name="jdk.debug" value="release"/>
    <property name="surefire.test.class.path" value="/Users/JohnnyLee/Documents/Class/大四/軟工/SE-8-2021_HW4/target/test-classes:/Users/JohnnyLee/Documents/Class/大四/軟工/SE-8-2021_HW4/target/classes:/Users/JohnnyLee/.m2/repository/junit/junit/4.11/junit-4.11.jar:/Users/JohnnyLee/.m2/repository/org/hamcrest/hamcrest-core/1.3/hamcrest-core-1.3.jar:"/>
    <property name="sun.cpu.endian" value="little"/>
    <property name="user.home" value="/Users/JohnnyLee"/>
    <property name="user.language" value="zh"/>
    <property name="java.specification.vendor" value="Oracle Corporation"/>
    <property name="java.version.date" value="2020-09-15"/>
    <property name="java.home" value="/Library/Java/JavaVirtualMachines/adoptopenjdk-15.jdk/Contents/Home"/>
    <property name="file.separator" value="/"/>
    <property name="basedir" value="/Users/JohnnyLee/Documents/Class/大四/軟工/SE-8-2021_HW4"/>
    <property name="java.vm.compressedOopsMode" value="Zero based"/>
    <property name="line.separator" value="&#10;"/>
    <property name="java.specification.name" value="Java Platform API Specification"/>
    <property name="java.vm.specification.vendor" value="Oracle Corporation"/>
    <property name="surefire.real.class.path" value="/Users/JohnnyLee/Documents/Class/大四/軟工/SE-8-2021_HW4/target/surefire/surefirebooter3605045546576215950.jar"/>
    <property name="user.script" value="Hant"/>
    <property name="sun.management.compiler" value="HotSpot 64-Bit Tiered Compilers"/>
    <property name="ftp.nonProxyHosts" value="local|*.local|169.254/16|*.169.254/16"/>
    <property name="java.runtime.version" value="15+36"/>
    <property name="user.name" value="JohnnyLee"/>
    <property name="path.separator" value=":"/>
    <property name="os.version" value="10.16"/>
    <property name="java.runtime.name" value="OpenJDK Runtime Environment"/>
    <property name="file.encoding" value="UTF-8"/>
    <property name="java.vm.name" value="OpenJDK 64-Bit Server VM"/>
    <property name="java.vendor.version" value="AdoptOpenJDK"/>
    <property name="localRepository" value="/Users/JohnnyLee/.m2/repository"/>
    <property name="java.vendor.url.bug" value="https://github.com/AdoptOpenJDK/openjdk-support/issues"/>
    <property name="java.io.tmpdir" value="/var/folders/89/z9x2x4w13nl1tv9b4hp1c9q40000gp/T/"/>
    <property name="java.version" value="15"/>
    <property name="user.dir" value="/Users/JohnnyLee/Documents/Class/大四/軟工/SE-8-2021_HW4"/>
    <property name="os.arch" value="x86_64"/>
    <property name="java.vm.specification.name" value="Java Virtual Machine Specification"/>
    <property name="java.library.path" value="/Users/JohnnyLee/Library/Java/Extensions:/Library/Java/Extensions:/Network/Library/Java/Extensions:/System/Library/Java/Extensions:/usr/lib/java:."/>
    <property name="java.vm.info" value="mixed mode, sharing"/>
    <property name="java.vendor" value="AdoptOpenJDK"/>
    <property name="java.vm.version" value="15+36"/>
    <property name="sun.io.unicode.encoding" value="UnicodeBig"/>
    <property name="socksNonProxyHosts" value="local|*.local|169.254/16|*.169.254/16"/>
    <property name="java.class.version" value="59.0"/>
  </properties>
  <testcase name="EquivalencePartitioningTest" classname="se_8_2021.LetterGradeTest" time="0.002"/>
  <testcase name="BoundaryValueTest1" classname="se_8_2021.LetterGradeTest" time="0"/>
  <testcase name="BoundaryValueTest2" classname="se_8_2021.LetterGradeTest" time="0"/>
</testsuite>